<?xml version="1.0" encoding="UTF-8"?>
<!-- Generated by org.testng.reporters.JUnitXMLReporter -->
<testsuite ignored="0" hostname="DESKTOP-EH2F7BB" failures="0" tests="3" name="Default test" time="21.106" errors="0" timestamp="2020-11-29T20:42:29 ICT">
  <testcase classname="tests.ProductTest" name="getProductsFromAmazon" time="5.545"/>
  <testcase classname="tests.ProductTest" name="getProductsFromEpay" time="9.418"/>
  <testcase classname="tests.ProductTest" name="printAllProducts" time="0.008"/>
</testsuite> <!-- Default test -->
