<?xml version="1.0" encoding="UTF-8"?>
<testng-results ignored="0" total="3" passed="3" failed="0" skipped="0">
  <reporter-output>
  </reporter-output>
  <suite started-at="2020-11-29T20:42:08 ICT" name="Default suite" finished-at="2020-11-29T20:42:29 ICT" duration-ms="21106">
    <groups>
    </groups>
    <test started-at="2020-11-29T20:42:08 ICT" name="Default test" finished-at="2020-11-29T20:42:29 ICT" duration-ms="21106">
      <class name="tests.ProductTest">
        <test-method is-config="true" signature="InitializeTest()[pri:0, instance:tests.ProductTest@6ce139a4]" started-at="2020-11-29T20:42:08 ICT" name="InitializeTest" finished-at="2020-11-29T20:42:13 ICT" duration-ms="5444" status="PASS">
          <reporter-output>
          </reporter-output>
        </test-method> <!-- InitializeTest -->
        <test-method signature="getProductsFromAmazon()[pri:1, instance:tests.ProductTest@6ce139a4, instance params:[CHROME, iphone11]]" started-at="2020-11-29T20:42:13 ICT" name="getProductsFromAmazon" finished-at="2020-11-29T20:42:19 ICT" duration-ms="5545" status="PASS">
          <reporter-output>
          </reporter-output>
        </test-method> <!-- getProductsFromAmazon -->
        <test-method signature="getProductsFromEpay()[pri:2, instance:tests.ProductTest@6ce139a4, instance params:[CHROME, iphone11]]" started-at="2020-11-29T20:42:19 ICT" name="getProductsFromEpay" finished-at="2020-11-29T20:42:28 ICT" duration-ms="9418" status="PASS">
          <reporter-output>
          </reporter-output>
        </test-method> <!-- getProductsFromEpay -->
        <test-method signature="printAllProducts()[pri:3, instance:tests.ProductTest@6ce139a4, instance params:[CHROME, iphone11]]" started-at="2020-11-29T20:42:28 ICT" name="printAllProducts" finished-at="2020-11-29T20:42:28 ICT" duration-ms="8" status="PASS">
          <reporter-output>
          </reporter-output>
        </test-method> <!-- printAllProducts -->
        <test-method is-config="true" signature="FinalizeTest()[pri:0, instance:tests.ProductTest@6ce139a4]" started-at="2020-11-29T20:42:28 ICT" name="FinalizeTest" finished-at="2020-11-29T20:42:29 ICT" duration-ms="664" status="PASS">
          <reporter-output>
          </reporter-output>
        </test-method> <!-- FinalizeTest -->
      </class> <!-- tests.ProductTest -->
    </test> <!-- Default test -->
  </suite> <!-- Default suite -->
</testng-results>
